Determining if the pthread_create exist failed with the following output:
Change Dir: /home/guillaume/Documents/enseignement/pdr/pdr-robot-qrc/catkin_ws/build/CMakeFiles/CMakeTmp

Run Build Command:"/usr/bin/make" "cmTC_6f9d7/fast"
/usr/bin/make -f CMakeFiles/cmTC_6f9d7.dir/build.make CMakeFiles/cmTC_6f9d7.dir/build
make[1] : on entre dans le répertoire « /home/guillaume/Documents/enseignement/pdr/pdr-robot-qrc/catkin_ws/build/CMakeFiles/CMakeTmp »
Building C object CMakeFiles/cmTC_6f9d7.dir/CheckSymbolExists.c.o
/usr/bin/cc     -o CMakeFiles/cmTC_6f9d7.dir/CheckSymbolExists.c.o   -c /home/guillaume/Documents/enseignement/pdr/pdr-robot-qrc/catkin_ws/build/CMakeFiles/CMakeTmp/CheckSymbolExists.c
Linking C executable cmTC_6f9d7
/usr/bin/cmake -E cmake_link_script CMakeFiles/cmTC_6f9d7.dir/link.txt --verbose=1
/usr/bin/cc       CMakeFiles/cmTC_6f9d7.dir/CheckSymbolExists.c.o  -o cmTC_6f9d7 -rdynamic 
CMakeFiles/cmTC_6f9d7.dir/CheckSymbolExists.c.o : Dans la fonction « main » :
CheckSymbolExists.c:(.text+0x16) : référence indéfinie vers « pthread_create »
collect2: error: ld returned 1 exit status
CMakeFiles/cmTC_6f9d7.dir/build.make:97 : la recette pour la cible « cmTC_6f9d7 » a échouée
make[1]: *** [cmTC_6f9d7] Erreur 1
make[1] : on quitte le répertoire « /home/guillaume/Documents/enseignement/pdr/pdr-robot-qrc/catkin_ws/build/CMakeFiles/CMakeTmp »
Makefile:126 : la recette pour la cible « cmTC_6f9d7/fast » a échouée
make: *** [cmTC_6f9d7/fast] Erreur 2

File /home/guillaume/Documents/enseignement/pdr/pdr-robot-qrc/catkin_ws/build/CMakeFiles/CMakeTmp/CheckSymbolExists.c:
/* */
#include <pthread.h>

int main(int argc, char** argv)
{
  (void)argv;
#ifndef pthread_create
  return ((int*)(&pthread_create))[argc];
#else
  (void)argc;
  return 0;
#endif
}

Determining if the function pthread_create exists in the pthreads failed with the following output:
Change Dir: /home/guillaume/Documents/enseignement/pdr/pdr-robot-qrc/catkin_ws/build/CMakeFiles/CMakeTmp

Run Build Command:"/usr/bin/make" "cmTC_4e6ca/fast"
/usr/bin/make -f CMakeFiles/cmTC_4e6ca.dir/build.make CMakeFiles/cmTC_4e6ca.dir/build
make[1] : on entre dans le répertoire « /home/guillaume/Documents/enseignement/pdr/pdr-robot-qrc/catkin_ws/build/CMakeFiles/CMakeTmp »
Building C object CMakeFiles/cmTC_4e6ca.dir/CheckFunctionExists.c.o
/usr/bin/cc    -DCHECK_FUNCTION_EXISTS=pthread_create   -o CMakeFiles/cmTC_4e6ca.dir/CheckFunctionExists.c.o   -c /usr/share/cmake-3.5/Modules/CheckFunctionExists.c
Linking C executable cmTC_4e6ca
/usr/bin/cmake -E cmake_link_script CMakeFiles/cmTC_4e6ca.dir/link.txt --verbose=1
/usr/bin/cc   -DCHECK_FUNCTION_EXISTS=pthread_create    CMakeFiles/cmTC_4e6ca.dir/CheckFunctionExists.c.o  -o cmTC_4e6ca -rdynamic -lpthreads 
/usr/bin/ld : ne peut trouver -lpthreads
collect2: error: ld returned 1 exit status
CMakeFiles/cmTC_4e6ca.dir/build.make:97 : la recette pour la cible « cmTC_4e6ca » a échouée
make[1]: *** [cmTC_4e6ca] Erreur 1
make[1] : on quitte le répertoire « /home/guillaume/Documents/enseignement/pdr/pdr-robot-qrc/catkin_ws/build/CMakeFiles/CMakeTmp »
Makefile:126 : la recette pour la cible « cmTC_4e6ca/fast » a échouée
make: *** [cmTC_4e6ca/fast] Erreur 2


